<?xml version="1.0" encoding="UTF-8"?>
<coverage generated="1510776541402" clover="3.2.0">
  <project timestamp="1510776541402" name="All files">
    <metrics statements="17" coveredstatements="17" conditionals="10" coveredconditionals="7" methods="4" coveredmethods="4" elements="31" coveredelements="28" complexity="0" loc="17" ncloc="17" packages="1" files="3" classes="3">
      <file name="lunchtime.js" path="C:\Users\Karl\git\rollup-starter-lib-react\src\lunchtime.js">
        <metrics statements="8" coveredstatements="8" conditionals="2" coveredconditionals="1" methods="1" coveredmethods="1"/>
        <line num="1" count="1" type="stmt"/>
        <line num="4" count="1" type="stmt"/>
        <line num="6" count="1" type="stmt"/>
        <line num="7" count="1" type="stmt"/>
        <line num="8" count="1" type="stmt"/>
        <line num="9" count="1" type="stmt"/>
        <line num="13" count="1" type="cond" truecount="1" falsecount="1"/>
        <line num="15" count="1" type="stmt"/>
      </file>
      <file name="main.js" path="C:\Users\Karl\git\rollup-starter-lib-react\src\main.js">
        <metrics statements="7" coveredstatements="7" conditionals="8" coveredconditionals="6" methods="2" coveredmethods="2"/>
        <line num="1" count="1" type="stmt"/>
        <line num="7" count="4" type="cond" truecount="4" falsecount="0"/>
        <line num="9" count="1" type="stmt"/>
        <line num="10" count="1" type="cond" truecount="1" falsecount="1"/>
        <line num="11" count="1" type="cond" truecount="1" falsecount="1"/>
        <line num="13" count="1" type="stmt"/>
        <line num="15" count="1" type="stmt"/>
      </file>
      <file name="millisecondsUntil.js" path="C:\Users\Karl\git\rollup-starter-lib-react\src\millisecondsUntil.js">
        <metrics statements="2" coveredstatements="2" conditionals="0" coveredconditionals="0" methods="1" coveredmethods="1"/>
        <line num="1" count="1" type="stmt"/>
        <line num="4" count="1" type="stmt"/>
      </file>
    </metrics>
  </project>
</coverage>
