{"C:\\Users\\Karl\\git\\rollup-starter-lib-react\\src\\lunchtime.js": {"path":"C:\\Users\\Karl\\git\\rollup-starter-lib-react\\src\\lunchtime.js","statementMap":{"0":{"start":{"line":1,"column":39},"end":{"line":1,"column":101}},"1":{"start":{"line":1,"column":101},"end":{"line":3,"column":17}},"2":{"start":{"line":4,"column":18},"end":{"line":4,"column":28}},"3":{"start":{"line":6,"column":2},"end":{"line":6,"column":28}},"4":{"start":{"line":7,"column":2},"end":{"line":7,"column":32}},"5":{"start":{"line":8,"column":2},"end":{"line":8,"column":26}},"6":{"start":{"line":9,"column":2},"end":{"line":9,"column":31}},"7":{"start":{"line":13,"column":2},"end":{"line":13,"column":73}},"8":{"start":{"line":13,"column":30},"end":{"line":13,"column":73}},"9":{"start":{"line":15,"column":2},"end":{"line":15,"column":19}}},"fnMap":{"0":{"name":"getNextLunchtime","decl":{"start":{"line":3,"column":26},"end":{"line":3,"column":42}},"loc":{"start":{"line":3,"column":59},"end":{"line":16,"column":1}},"line":3}},"branchMap":{"0":{"loc":{"start":{"line":13,"column":2},"end":{"line":13,"column":73}},"type":"if","locations":[{"start":{"line":13,"column":2},"end":{"line":13,"column":73}},{"start":{"line":13,"column":2},"end":{"line":13,"column":73}}],"line":13}},"s":{"0":1,"1":1,"2":1,"3":1,"4":1,"5":1,"6":1,"7":1,"8":1,"9":1},"f":{"0":1},"b":{"0":[1,0]},"_coverageSchema":"332fd63041d2c1bcb487cc26dd0d5f7d97098a6c","hash":"df57b3c67f84d8607df6b37932c425f39ed1b452"}
,"C:\\Users\\Karl\\git\\rollup-starter-lib-react\\src\\main.js": {"path":"C:\\Users\\Karl\\git\\rollup-starter-lib-react\\src\\main.js","statementMap":{"0":{"start":{"line":1,"column":39},"end":{"line":1,"column":101}},"1":{"start":{"line":7,"column":169},"end":{"line":7,"column":223}},"2":{"start":{"line":9,"column":23},"end":{"line":16,"column":1}},"3":{"start":{"line":10,"column":2},"end":{"line":10,"column":38}},"4":{"start":{"line":10,"column":27},"end":{"line":10,"column":38}},"5":{"start":{"line":11,"column":2},"end":{"line":11,"column":42}},"6":{"start":{"line":11,"column":29},"end":{"line":11,"column":42}},"7":{"start":{"line":13,"column":61},"end":{"line":13,"column":162}},"8":{"start":{"line":15,"column":2},"end":{"line":15,"column":267}}},"fnMap":{"0":{"name":"_interopRequireDefault","decl":{"start":{"line":7,"column":140},"end":{"line":7,"column":162}},"loc":{"start":{"line":7,"column":168},"end":{"line":7,"column":224}},"line":7},"1":{"name":"HowLongTillLunch","decl":{"start":{"line":9,"column":32},"end":{"line":9,"column":48}},"loc":{"start":{"line":9,"column":82},"end":{"line":16,"column":1}},"line":9}},"branchMap":{"0":{"loc":{"start":{"line":7,"column":176},"end":{"line":7,"column":222}},"type":"cond-expr","locations":[{"start":{"line":7,"column":200},"end":{"line":7,"column":203}},{"start":{"line":7,"column":206},"end":{"line":7,"column":222}}],"line":7},"1":{"loc":{"start":{"line":7,"column":176},"end":{"line":7,"column":197}},"type":"binary-expr","locations":[{"start":{"line":7,"column":176},"end":{"line":7,"column":179}},{"start":{"line":7,"column":183},"end":{"line":7,"column":197}}],"line":7},"2":{"loc":{"start":{"line":10,"column":2},"end":{"line":10,"column":38}},"type":"if","locations":[{"start":{"line":10,"column":2},"end":{"line":10,"column":38}},{"start":{"line":10,"column":2},"end":{"line":10,"column":38}}],"line":10},"3":{"loc":{"start":{"line":11,"column":2},"end":{"line":11,"column":42}},"type":"if","locations":[{"start":{"line":11,"column":2},"end":{"line":11,"column":42}},{"start":{"line":11,"column":2},"end":{"line":11,"column":42}}],"line":11}},"s":{"0":1,"1":4,"2":1,"3":1,"4":0,"5":1,"6":0,"7":1,"8":1},"f":{"0":4,"1":1},"b":{"0":[2,2],"1":[4,4],"2":[0,1],"3":[0,1]},"_coverageSchema":"332fd63041d2c1bcb487cc26dd0d5f7d97098a6c","hash":"6d82f3f1f2ec2e8bc63eb9eb84b8de2da2ab920a"}
,"C:\\Users\\Karl\\git\\rollup-starter-lib-react\\src\\millisecondsUntil.js": {"path":"C:\\Users\\Karl\\git\\rollup-starter-lib-react\\src\\millisecondsUntil.js","statementMap":{"0":{"start":{"line":1,"column":39},"end":{"line":1,"column":101}},"1":{"start":{"line":1,"column":101},"end":{"line":3,"column":18}},"2":{"start":{"line":4,"column":1},"end":{"line":4,"column":26}}},"fnMap":{"0":{"name":"millisecondsUntil","decl":{"start":{"line":3,"column":27},"end":{"line":3,"column":44}},"loc":{"start":{"line":3,"column":51},"end":{"line":5,"column":1}},"line":3}},"branchMap":{},"s":{"0":1,"1":1,"2":1},"f":{"0":1},"b":{},"_coverageSchema":"332fd63041d2c1bcb487cc26dd0d5f7d97098a6c","hash":"510b1db8a8cc946a7018e5dd42b6ea5fb7a2eb5d"}
}
