TN:
SF:C:\Users\Karl\git\rollup-starter-lib-react\src\lunchtime.js
FN:3,getNextLunchtime
FNF:1
FNH:1
FNDA:1,getNextLunchtime
DA:1,1
DA:4,1
DA:6,1
DA:7,1
DA:8,1
DA:9,1
DA:13,1
DA:15,1
LF:8
LH:8
BRDA:13,0,0,1
BRDA:13,0,1,0
BRF:2
BRH:1
end_of_record
TN:
SF:C:\Users\Karl\git\rollup-starter-lib-react\src\main.js
FN:7,_interopRequireDefault
FN:9,HowLongTillLunch
FNF:2
FNH:2
FNDA:4,_interopRequireDefault
FNDA:1,HowLongTillLunch
DA:1,1
DA:7,4
DA:9,1
DA:10,1
DA:11,1
DA:13,1
DA:15,1
LF:7
LH:7
BRDA:7,0,0,2
BRDA:7,0,1,2
BRDA:7,1,0,4
BRDA:7,1,1,4
BRDA:10,2,0,0
BRDA:10,2,1,1
BRDA:11,3,0,0
BRDA:11,3,1,1
BRF:8
BRH:6
end_of_record
TN:
SF:C:\Users\Karl\git\rollup-starter-lib-react\src\millisecondsUntil.js
FN:3,millisecondsUntil
FNF:1
FNH:1
FNDA:1,millisecondsUntil
DA:1,1
DA:4,1
LF:2
LH:2
BRF:0
BRH:0
end_of_record
